#
# There is insufficient memory for the Java Runtime Environment to continue.
# Native memory allocation (mmap) failed to map 266338304 bytes for Failed to commit area from 0x0000000703200000 to 0x0000000713000000 of length 266338304.
# Possible reasons:
#   The system is out of physical RAM or swap space
#   The process is running with CompressedOops enabled, and the Java Heap may be blocking the growth of the native heap
# Possible solutions:
#   Reduce memory load on the system
#   Increase physical memory or swap space
#   Check if swap backing store is full
#   Decrease Java heap size (-Xmx/-Xms)
#   Decrease number of Java threads
#   Decrease Java thread stack sizes (-Xss)
#   Set larger code cache with -XX:ReservedCodeCacheSize=
# This output file may be truncated or incomplete.
#
#  Out of Memory Error (./src/hotspot/os/windows/os_windows.cpp:3511), pid=12528, tid=1336
#
# JRE version:  (11.0.11+9) (build )
# Java VM: OpenJDK 64-Bit Server VM (11.0.11+9-b1504.13, mixed mode, sharing, tiered, compressed oops, g1 gc, windows-amd64)
# No core dump will be written. Minidumps are not enabled by default on client versions of Windows
#

---------------  S U M M A R Y ------------

Command Line: git4idea.http.GitAskPassApp Username for 'https://github.com': 

Host: Intel(R) Core(TM) i7-9700 CPU @ 3.00GHz, 8 cores, 15G,  Windows 10 , 64 bit Build 19041 (10.0.19041.3636)
Time: Thu Mar 28 02:38:37 2024 India Standard Time elapsed time: 0.007412 seconds (0d 0h 0m 0s)

---------------  T H R E A D  ---------------

Current thread (0x000002bf92c0d800):  JavaThread "Unknown thread" [_thread_in_vm, id=1336, stack(0x000000ffb8800000,0x000000ffb8900000)]

Stack: [0x000000ffb8800000,0x000000ffb8900000]
Native frames: (J=compiled Java code, j=interpreted, Vv=VM code, C=native code)
V  [jvm.dll+0x5f5d5a]
V  [jvm.dll+0x7798b5]
V  [jvm.dll+0x77aecd]
V  [jvm.dll+0x77b583]
V  [jvm.dll+0x244978]
V  [jvm.dll+0x5f3174]
V  [jvm.dll+0x5e7d55]
V  [jvm.dll+0x30068b]
V  [jvm.dll+0x3005fa]
V  [jvm.dll+0x3004d2]
V  [jvm.dll+0x3053c6]
V  [jvm.dll+0x34e0a3]
V  [jvm.dll+0x34e7a6]
V  [jvm.dll+0x34e1a3]
V  [jvm.dll+0x2db0c8]
V  [jvm.dll+0x2dc267]
V  [jvm.dll+0x758057]
V  [jvm.dll+0x75984c]
V  [jvm.dll+0x35b659]
V  [jvm.dll+0x73b67e]
V  [jvm.dll+0x3c39f3]
V  [jvm.dll+0x3c5dd1]
C  [jli.dll+0x5373]
C  [ucrtbase.dll+0x21bb2]
C  [KERNEL32.DLL+0x17344]
C  [ntdll.dll+0x526b1]


---------------  P R O C E S S  ---------------

Threads class SMR info:
_java_thread_list=0x000002bf92b3a570, length=0, elements={
}

Java Threads: ( => current thread )

Other Threads:
  0x000002bf94cb1000 GCTaskThread "GC Thread#0" [stack: 0x000000ffb8900000,0x000000ffb8a00000] [id=20220]
  0x000002bf94d0d800 ConcurrentGCThread "G1 Main Marker" [stack: 0x000000ffb8a00000,0x000000ffb8b00000] [id=25456]
  0x000002bf94d10000 ConcurrentGCThread "G1 Conc#0" [stack: 0x000000ffb8b00000,0x000000ffb8c00000] [id=21476]

[error occurred during error reporting (printing all threads), id 0xc0000005, EXCEPTION_ACCESS_VIOLATION (0xc0000005) at pc=0x00007ffe42b9b8f7]

VM state:not at safepoint (not fully initialized)

VM Mutex/Monitor currently owned by a thread:  ([mutex/lock_event])
[0x000002bf94c9a7c0] Heap_lock - owner thread: 0x000002bf92c0d800

Heap address: 0x0000000703200000, size: 4046 MB, Compressed Oops mode: Non-zero based: 0x0000000703200000
Narrow klass base: 0x0000000000000000, Narrow klass shift: 0

GC Heap History (0 events):
No events

Deoptimization events (0 events):
No events

Classes redefined (0 events):
No events

Internal exceptions (0 events):
No events

Events (1 events):
Event: 0.004 Loaded shared library D:\PS-CMTI\Apps\PyCharm Community Edition 2021.1.2\jbr\bin\zip.dll


Dynamic libraries:
0x00007ff77ecc0000 - 0x00007ff77ecca000 	D:\PS-CMTI\Apps\PyCharm Community Edition 2021.1.2\jbr\bin\java.exe
0x00007ffed24b0000 - 0x00007ffed26a8000 	C:\WINDOWS\SYSTEM32\ntdll.dll
0x00007ffed12d0000 - 0x00007ffed138d000 	C:\WINDOWS\System32\KERNEL32.DLL
0x00007ffecff60000 - 0x00007ffed0256000 	C:\WINDOWS\System32\KERNELBASE.dll
0x00007ffecfe60000 - 0x00007ffecff60000 	C:\WINDOWS\System32\ucrtbase.dll
0x00007ffec69c0000 - 0x00007ffec69d9000 	D:\PS-CMTI\Apps\PyCharm Community Edition 2021.1.2\jbr\bin\jli.dll
0x00007ffec69a0000 - 0x00007ffec69b7000 	D:\PS-CMTI\Apps\PyCharm Community Edition 2021.1.2\jbr\bin\VCRUNTIME140.dll
0x00007ffed1060000 - 0x00007ffed11fe000 	C:\WINDOWS\System32\USER32.dll
0x00007ffecfd80000 - 0x00007ffecfda2000 	C:\WINDOWS\System32\win32u.dll
0x00007ffeb3350000 - 0x00007ffeb35ea000 	C:\WINDOWS\WinSxS\amd64_microsoft.windows.common-controls_6595b64144ccf1df_6.0.19041.3636_none_60b6a03d71f818d5\COMCTL32.dll
0x00007ffed2080000 - 0x00007ffed20ab000 	C:\WINDOWS\System32\GDI32.dll
0x00007ffed0d90000 - 0x00007ffed0e2e000 	C:\WINDOWS\System32\msvcrt.dll
0x00007ffecfb70000 - 0x00007ffecfc87000 	C:\WINDOWS\System32\gdi32full.dll
0x00007ffecfce0000 - 0x00007ffecfd7d000 	C:\WINDOWS\System32\msvcp_win.dll
0x00007ffed2430000 - 0x00007ffed2462000 	C:\WINDOWS\System32\IMM32.DLL
0x00007ffe98300000 - 0x00007ffe9839d000 	D:\PS-CMTI\Apps\PyCharm Community Edition 2021.1.2\jbr\bin\msvcp140.dll
0x00007ffe428b0000 - 0x00007ffe433fa000 	D:\PS-CMTI\Apps\PyCharm Community Edition 2021.1.2\jbr\bin\server\jvm.dll
0x00007ffed0cd0000 - 0x00007ffed0d83000 	C:\WINDOWS\System32\ADVAPI32.dll
0x00007ffed20c0000 - 0x00007ffed215f000 	C:\WINDOWS\System32\sechost.dll
0x00007ffed0af0000 - 0x00007ffed0c16000 	C:\WINDOWS\System32\RPCRT4.dll
0x00007ffed04c0000 - 0x00007ffed04e7000 	C:\WINDOWS\System32\bcrypt.dll
0x00007ffed2160000 - 0x00007ffed2168000 	C:\WINDOWS\System32\PSAPI.DLL
0x00007ffec3730000 - 0x00007ffec3739000 	C:\WINDOWS\SYSTEM32\WSOCK32.dll
0x00007ffec9ae0000 - 0x00007ffec9aea000 	C:\WINDOWS\SYSTEM32\VERSION.dll
0x00007ffeb5a40000 - 0x00007ffeb5a67000 	C:\WINDOWS\SYSTEM32\WINMM.dll
0x00007ffed1f30000 - 0x00007ffed1f9b000 	C:\WINDOWS\System32\WS2_32.dll
0x00007ffece3c0000 - 0x00007ffece3d2000 	C:\WINDOWS\SYSTEM32\kernel.appcore.dll
0x00007ffe840c0000 - 0x00007ffe840d1000 	D:\PS-CMTI\Apps\PyCharm Community Edition 2021.1.2\jbr\bin\verify.dll
0x00007ffecd9d0000 - 0x00007ffecdbb4000 	C:\WINDOWS\SYSTEM32\DBGHELP.DLL
0x00007ffec38d0000 - 0x00007ffec3904000 	C:\WINDOWS\SYSTEM32\dbgcore.DLL
0x00007ffed0260000 - 0x00007ffed02e2000 	C:\WINDOWS\System32\bcryptPrimitives.dll
0x00007ffe68aa0000 - 0x00007ffe68ac9000 	D:\PS-CMTI\Apps\PyCharm Community Edition 2021.1.2\jbr\bin\java.dll
0x00007ffe9c980000 - 0x00007ffe9c98b000 	D:\PS-CMTI\Apps\PyCharm Community Edition 2021.1.2\jbr\bin\jimage.dll
0x00007ffe74e60000 - 0x00007ffe74e78000 	D:\PS-CMTI\Apps\PyCharm Community Edition 2021.1.2\jbr\bin\zip.dll

dbghelp: loaded successfully - version: 4.0.5 - missing functions: none
symbol engine: initialized successfully - sym options: 0x614 - pdb path: .;D:\PS-CMTI\Apps\PyCharm Community Edition 2021.1.2\jbr\bin;C:\WINDOWS\SYSTEM32;C:\WINDOWS\WinSxS\amd64_microsoft.windows.common-controls_6595b64144ccf1df_6.0.19041.3636_none_60b6a03d71f818d5;D:\PS-CMTI\Apps\PyCharm Community Edition 2021.1.2\jbr\bin\server

VM Arguments:
java_command: git4idea.http.GitAskPassApp Username for 'https://github.com': 
java_class_path (initial): D:/PS-CMTI/Apps/PyCharm Community Edition 2021.1.2/plugins/git4idea/lib/git4idea-rt.jar;D:/PS-CMTI/Apps/PyCharm Community Edition 2021.1.2/lib/3rd-party.jar
Launcher Type: SUN_STANDARD

[Global flags]
     intx CICompilerCount                          = 4                                         {product} {ergonomic}
     uint ConcGCThreads                            = 2                                         {product} {ergonomic}
     uint G1ConcRefinementThreads                  = 8                                         {product} {ergonomic}
   size_t G1HeapRegionSize                         = 1048576                                   {product} {ergonomic}
    uintx GCDrainStackTargetSize                   = 64                                        {product} {ergonomic}
   size_t InitialHeapSize                          = 266338304                                 {product} {ergonomic}
   size_t MarkStackSize                            = 4194304                                   {product} {ergonomic}
   size_t MaxHeapSize                              = 4242538496                                {product} {ergonomic}
   size_t MinHeapDeltaBytes                        = 1048576                                   {product} {ergonomic}
    uintx NonNMethodCodeHeapSize                   = 5836300                                {pd product} {ergonomic}
    uintx NonProfiledCodeHeapSize                  = 122910970                              {pd product} {ergonomic}
    uintx ProfiledCodeHeapSize                     = 122910970                              {pd product} {ergonomic}
    uintx ReservedCodeCacheSize                    = 251658240                              {pd product} {ergonomic}
     bool SegmentedCodeCache                       = true                                      {product} {ergonomic}
     bool UseCompressedClassPointers               = true                                 {lp64_product} {ergonomic}
     bool UseCompressedOops                        = true                                 {lp64_product} {ergonomic}
     bool UseG1GC                                  = true                                      {product} {ergonomic}
     bool UseLargePagesIndividualAllocation        = false                                  {pd product} {ergonomic}

Logging:
Log output configuration:
 #0: stdout all=warning uptime,level,tags
 #1: stderr all=off uptime,level,tags

Environment Variables:
JAVA_HOME=D:\PS-CMTI\Apps\Java 17
PATH=C:/Program Files/Git/mingw64/libexec/git-core;C:/Program Files/Git/mingw64/libexec/git-core;C:\Program Files\Git\mingw64\bin;C:\Program Files\Git\usr\bin;C:\Users\SMDDC4\bin;D:\PS-CMTI\Codes\PycharmProjects\TIEI\tiei_venv\Scripts;C:\Program Files\Common Files\Oracle\Java\javapath;C:\Windows\system32;C:\Windows;C:\Windows\System32\Wbem;C:\Windows\System32\WindowsPowerShell\v1.0\;C:\Windows\System32\OpenSSH\;C:\Program Files (x86)\NVIDIA Corporation\PhysX\Common;C:\Program Files\Git\cmd;C:\WINDOWS\system32;C:\WINDOWS;C:\WINDOWS\System32\Wbem;C:\WINDOWS\System32\WindowsPowerShell\v1.0\;C:\WINDOWS\System32\OpenSSH\;D:\PS-CMTI\Apps\Inkscape\bin;C:\Program Files\Graphviz\bin;D:\PS-CMTI\Apps\tesserect;D:\PS-CMTI\Apps\putty\;D:\PS-CMTI\Apps\apache\Apache24\bin;D:\PS-CMTI\Apps\postgresql\lib;D:\PS-CMTI\Apps\postgresql\bin;D:\PS-CMTI\Apps\grafana\grafana\bin;C:\ProgramData\chocolatey\bin;D:\PS-CMTI\Apps\Java 17\bin;D:\PS-CMTI\Apps\redis\;D:\PS-CMTI\Apps\mongodb_tools;D:\PS-CMTI\Apps\mongodb_tools\bin;D:\PS-CMTI\Apps\NodeJs\;C:\Program Files\Docker\Docker\resources\bin;C:\ProgramData\DockerDesktop\version-bin;D:\PS-CMTI\Apps\Java 17\bin;C:\Program Files (x86)\dotnet-core-uninstall\;C:\Program Files\dotnet\;D:\PS-CMTI\Apps\Python\Python310\Scripts\;D:\PS-CMTI\Apps\Python\Python310\;C:\Program Files\MySQL\MySQL Shell 8.0\bin\;C:\Users\SMDDC4\anaconda3;C:\Users\SMDDC4\anaconda3\Library\mingw-w64\bin;C:\Users\SMDDC4\anaconda3\Library\usr\bin;C:\Users\SMDDC4\anaconda3\Library\bin;C:\Users\SMDDC4\anaconda3\Scripts;C:\Users\SMDDC4\AppData\Local\Programs\Microsoft VS Code\bin;C:\Users\SMDDC4\AppData\Local\Microsoft\WindowsApps;C:\Users\SMDDC4\anaconda3\Library\bin\graphviz;C:\Program Files\Graphviz\bin;C:\Program Files\Graphviz;D:\PS-CMTI\Apps\postgresql\bin;D:\PS-CMTI\Apps\postgresql\lib;D:\PS-CMTI\Apps\mongodb\mongodb_shell\;C:\Users\SMDDC4\AppData\Local\GitHubDesktop\bin;C:\Users\SMDDC4\AppData\Roaming\npm;C:\Users\SMDDC4\.dotnet\tools
USERNAME=SMDDC4
DISPLAY=:0.0
LC_ALL=en_US.UTF-8
OS=Windows_NT
PROCESSOR_IDENTIFIER=Intel64 Family 6 Model 158 Stepping 13, GenuineIntel



---------------  S Y S T E M  ---------------

OS: Windows 10 , 64 bit Build 19041 (10.0.19041.3636)
OS uptime: 6 days 16:53 hours
Hyper-V role detected

CPU:total 8 (initial active 8) (8 cores per cpu, 1 threads per core) family 6 model 158 stepping 13 microcode 0xfa, cmov, cx8, fxsr, mmx, sse, sse2, sse3, ssse3, sse4.1, sse4.2, popcnt, avx, avx2, aes, clmul, erms, 3dnowpref, lzcnt, tsc, tscinvbit, bmi1, bmi2, adx, fma

Memory: 4k page, system-wide physical 16181M (3495M free)
TotalPageFile size 65333M (AvailPageFile size 241M)
current process WorkingSet (physical memory assigned to process): 10M, peak: 10M
current process commit charge ("private bytes"): 60M, peak: 314M

vm_info: OpenJDK 64-Bit Server VM (11.0.11+9-b1504.13) for windows-amd64 JRE (11.0.11+9-b1504.13), built on Jul 18 2021 03:17:44 by "" with MS VC++ 14.0 (VS2015)

END.
